<?xml version="1.0" encoding="UTF-8"?>
<coverage generated="1736583858583" clover="3.2.0">
  <project timestamp="1736583858583" name="All files">
    <metrics statements="58" coveredstatements="58" conditionals="21" coveredconditionals="21" methods="32" coveredmethods="32" elements="111" coveredelements="111" complexity="0" loc="58" ncloc="58" packages="4" files="17" classes="17"/>
    <package name="src">
      <metrics statements="3" coveredstatements="3" conditionals="0" coveredconditionals="0" methods="1" coveredmethods="1"/>
      <file name="App.jsx" path="D:\GitHub\spa-testing\src\App.jsx">
        <metrics statements="1" coveredstatements="1" conditionals="0" coveredconditionals="0" methods="1" coveredmethods="1"/>
        <line num="13" count="6" type="stmt"/>
      </file>
      <file name="config.js" path="D:\GitHub\spa-testing\src\config.js">
        <metrics statements="2" coveredstatements="2" conditionals="0" coveredconditionals="0" methods="0" coveredmethods="0"/>
        <line num="1" count="3" type="stmt"/>
        <line num="3" count="3" type="stmt"/>
      </file>
    </package>
    <package name="src.components">
      <metrics statements="19" coveredstatements="19" conditionals="4" coveredconditionals="4" methods="13" coveredmethods="13"/>
      <file name="CategoryItem.jsx" path="D:\GitHub\spa-testing\src\components\CategoryItem.jsx">
        <metrics statements="2" coveredstatements="2" conditionals="0" coveredconditionals="0" methods="1" coveredmethods="1"/>
        <line num="9" count="12" type="stmt"/>
        <line num="11" count="12" type="stmt"/>
      </file>
      <file name="CategoryList.jsx" path="D:\GitHub\spa-testing\src\components\CategoryList.jsx">
        <metrics statements="2" coveredstatements="2" conditionals="1" coveredconditionals="1" methods="2" coveredmethods="2"/>
        <line num="4" count="7" type="stmt"/>
        <line num="7" count="11" type="stmt"/>
      </file>
      <file name="Footer.jsx" path="D:\GitHub\spa-testing\src\components\Footer.jsx">
        <metrics statements="1" coveredstatements="1" conditionals="0" coveredconditionals="0" methods="1" coveredmethods="1"/>
        <line num="2" count="7" type="stmt"/>
      </file>
      <file name="Header.jsx" path="D:\GitHub\spa-testing\src\components\Header.jsx">
        <metrics statements="1" coveredstatements="1" conditionals="0" coveredconditionals="0" methods="1" coveredmethods="1"/>
        <line num="4" count="7" type="stmt"/>
      </file>
      <file name="Meal.jsx" path="D:\GitHub\spa-testing\src\components\Meal.jsx">
        <metrics statements="2" coveredstatements="2" conditionals="0" coveredconditionals="0" methods="1" coveredmethods="1"/>
        <line num="4" count="5" type="stmt"/>
        <line num="6" count="5" type="stmt"/>
      </file>
      <file name="MealList.jsx" path="D:\GitHub\spa-testing\src\components\MealList.jsx">
        <metrics statements="2" coveredstatements="2" conditionals="0" coveredconditionals="0" methods="2" coveredmethods="2"/>
        <line num="4" count="2" type="stmt"/>
        <line num="7" count="4" type="stmt"/>
      </file>
      <file name="Preloader.jsx" path="D:\GitHub\spa-testing\src\components\Preloader.jsx">
        <metrics statements="1" coveredstatements="1" conditionals="0" coveredconditionals="0" methods="1" coveredmethods="1"/>
        <line num="2" count="9" type="stmt"/>
      </file>
      <file name="Search.jsx" path="D:\GitHub\spa-testing\src\components\Search.jsx">
        <metrics statements="8" coveredstatements="8" conditionals="3" coveredconditionals="3" methods="4" coveredmethods="4"/>
        <line num="4" count="38" type="stmt"/>
        <line num="6" count="38" type="stmt"/>
        <line num="7" count="27" type="cond" truecount="2" falsecount="0"/>
        <line num="8" count="1" type="stmt"/>
        <line num="12" count="38" type="stmt"/>
        <line num="13" count="3" type="stmt"/>
        <line num="16" count="38" type="stmt"/>
        <line num="24" count="26" type="stmt"/>
      </file>
    </package>
    <package name="src.pages">
      <metrics statements="32" coveredstatements="32" conditionals="16" coveredconditionals="16" methods="16" coveredmethods="16"/>
      <file name="About.jsx" path="D:\GitHub\spa-testing\src\pages\About.jsx">
        <metrics statements="1" coveredstatements="1" conditionals="0" coveredconditionals="0" methods="1" coveredmethods="1"/>
        <line num="2" count="1" type="stmt"/>
      </file>
      <file name="Category.jsx" path="D:\GitHub\spa-testing\src\pages\Category.jsx">
        <metrics statements="6" coveredstatements="6" conditionals="2" coveredconditionals="2" methods="3" coveredmethods="3"/>
        <line num="9" count="4" type="stmt"/>
        <line num="10" count="4" type="stmt"/>
        <line num="11" count="4" type="stmt"/>
        <line num="13" count="4" type="stmt"/>
        <line num="14" count="2" type="stmt"/>
        <line num="17" count="4" type="stmt"/>
      </file>
      <file name="Contact.jsx" path="D:\GitHub\spa-testing\src\pages\Contact.jsx">
        <metrics statements="1" coveredstatements="1" conditionals="0" coveredconditionals="0" methods="1" coveredmethods="1"/>
        <line num="2" count="1" type="stmt"/>
      </file>
      <file name="Home.jsx" path="D:\GitHub\spa-testing\src\pages\Home.jsx">
        <metrics statements="14" coveredstatements="14" conditionals="4" coveredconditionals="4" methods="6" coveredmethods="6"/>
        <line num="9" count="8" type="stmt"/>
        <line num="10" count="8" type="stmt"/>
        <line num="12" count="8" type="stmt"/>
        <line num="13" count="8" type="stmt"/>
        <line num="15" count="8" type="stmt"/>
        <line num="16" count="1" type="stmt"/>
        <line num="18" count="3" type="stmt"/>
        <line num="21" count="1" type="stmt"/>
        <line num="27" count="8" type="stmt"/>
        <line num="28" count="4" type="stmt"/>
        <line num="29" count="4" type="stmt"/>
        <line num="30" count="4" type="stmt"/>
        <line num="33" count="6" type="stmt"/>
        <line num="42" count="8" type="stmt"/>
      </file>
      <file name="NotFound.jsx" path="D:\GitHub\spa-testing\src\pages\NotFound.jsx">
        <metrics statements="1" coveredstatements="1" conditionals="0" coveredconditionals="0" methods="1" coveredmethods="1"/>
        <line num="2" count="1" type="stmt"/>
      </file>
      <file name="Recipe.jsx" path="D:\GitHub\spa-testing\src\pages\Recipe.jsx">
        <metrics statements="9" coveredstatements="9" conditionals="10" coveredconditionals="10" methods="4" coveredmethods="4"/>
        <line num="7" count="4" type="stmt"/>
        <line num="8" count="4" type="stmt"/>
        <line num="9" count="4" type="stmt"/>
        <line num="11" count="4" type="stmt"/>
        <line num="12" count="2" type="stmt"/>
        <line num="15" count="4" type="stmt"/>
        <line num="36" count="16" type="cond" truecount="4" falsecount="0"/>
        <line num="37" count="2" type="stmt"/>
        <line num="44" count="14" type="stmt"/>
      </file>
    </package>
    <package name="src.utils">
      <metrics statements="4" coveredstatements="4" conditionals="1" coveredconditionals="1" methods="2" coveredmethods="2"/>
      <file name="testing.js" path="D:\GitHub\spa-testing\src\utils\testing.js">
        <metrics statements="4" coveredstatements="4" conditionals="1" coveredconditionals="1" methods="2" coveredmethods="2"/>
        <line num="4" count="9" type="cond" truecount="1" falsecount="0"/>
        <line num="5" count="19" type="stmt"/>
        <line num="6" count="19" type="stmt"/>
        <line num="9" count="19" type="stmt"/>
      </file>
    </package>
  </project>
</coverage>
