{"D:\\GitHub\\spa-testing\\src\\App.jsx": {"path":"D:\\GitHub\\spa-testing\\src\\App.jsx","statementMap":{"0":{"start":{"line":13,"column":2},"end":{"line":28,"column":4}}},"fnMap":{"0":{"name":"App","decl":{"start":{"line":12,"column":9},"end":{"line":12,"column":12}},"loc":{"start":{"line":12,"column":15},"end":{"line":29,"column":1}},"line":12}},"branchMap":{},"s":{"0":0},"f":{"0":0},"b":{}}
,"D:\\GitHub\\spa-testing\\src\\api.js": {"path":"D:\\GitHub\\spa-testing\\src\\api.js","statementMap":{"0":{"start":{"line":3,"column":20},"end":{"line":6,"column":1}},"1":{"start":{"line":4,"column":19},"end":{"line":4,"column":66}},"2":{"start":{"line":5,"column":2},"end":{"line":5,"column":31}},"3":{"start":{"line":8,"column":25},"end":{"line":11,"column":1}},"4":{"start":{"line":9,"column":19},"end":{"line":9,"column":58}},"5":{"start":{"line":10,"column":2},"end":{"line":10,"column":31}},"6":{"start":{"line":13,"column":28},"end":{"line":16,"column":1}},"7":{"start":{"line":14,"column":19},"end":{"line":14,"column":67}},"8":{"start":{"line":15,"column":2},"end":{"line":15,"column":31}}},"fnMap":{"0":{"name":"(anonymous_0)","decl":{"start":{"line":3,"column":20},"end":{"line":3,"column":21}},"loc":{"start":{"line":3,"column":38},"end":{"line":6,"column":1}},"line":3},"1":{"name":"(anonymous_1)","decl":{"start":{"line":8,"column":25},"end":{"line":8,"column":26}},"loc":{"start":{"line":8,"column":37},"end":{"line":11,"column":1}},"line":8},"2":{"name":"(anonymous_2)","decl":{"start":{"line":13,"column":28},"end":{"line":13,"column":29}},"loc":{"start":{"line":13,"column":47},"end":{"line":16,"column":1}},"line":13}},"branchMap":{},"s":{"0":1,"1":0,"2":0,"3":1,"4":0,"5":0,"6":1,"7":0,"8":0},"f":{"0":0,"1":0,"2":0},"b":{},"_coverageSchema":"1a1c01bbd47fc00a2c39e90264f33305004495a9","hash":"097b9b1dd472efa8438563f17255ab7b456b37ac"}
,"D:\\GitHub\\spa-testing\\src\\config.js": {"path":"D:\\GitHub\\spa-testing\\src\\config.js","statementMap":{"0":{"start":{"line":1,"column":16},"end":{"line":1,"column":19}},"1":{"start":{"line":3,"column":16},"end":{"line":3,"column":67}}},"fnMap":{},"branchMap":{},"s":{"0":1,"1":1},"f":{},"b":{},"_coverageSchema":"1a1c01bbd47fc00a2c39e90264f33305004495a9","hash":"21de55feacbb9f3110146572e2f8a27865d6341d"}
,"D:\\GitHub\\spa-testing\\src\\components\\CategoryItem.jsx": {"path":"D:\\GitHub\\spa-testing\\src\\components\\CategoryItem.jsx","statementMap":{"0":{"start":{"line":9,"column":6},"end":{"line":9,"column":11}},"1":{"start":{"line":11,"column":2},"end":{"line":26,"column":4}}},"fnMap":{"0":{"name":"CategoryItem","decl":{"start":{"line":3,"column":9},"end":{"line":3,"column":21}},"loc":{"start":{"line":3,"column":29},"end":{"line":27,"column":1}},"line":3}},"branchMap":{},"s":{"0":4,"1":3},"f":{"0":4},"b":{},"_coverageSchema":"1a1c01bbd47fc00a2c39e90264f33305004495a9","hash":"af07e6e33f8c51aba67c594892d024bf9370752d"}
,"D:\\GitHub\\spa-testing\\src\\components\\CategoryList.jsx": {"path":"D:\\GitHub\\spa-testing\\src\\components\\CategoryList.jsx","statementMap":{"0":{"start":{"line":4,"column":2},"end":{"line":10,"column":4}},"1":{"start":{"line":7,"column":8},"end":{"line":7,"column":52}}},"fnMap":{"0":{"name":"CategoryList","decl":{"start":{"line":3,"column":9},"end":{"line":3,"column":21}},"loc":{"start":{"line":3,"column":40},"end":{"line":11,"column":1}},"line":3},"1":{"name":"(anonymous_1)","decl":{"start":{"line":6,"column":19},"end":{"line":6,"column":20}},"loc":{"start":{"line":7,"column":8},"end":{"line":7,"column":52}},"line":7}},"branchMap":{"0":{"loc":{"start":{"line":3,"column":24},"end":{"line":3,"column":36}},"type":"default-arg","locations":[{"start":{"line":3,"column":34},"end":{"line":3,"column":36}}],"line":3}},"s":{"0":2,"1":2},"f":{"0":2,"1":2},"b":{"0":[1]},"_coverageSchema":"1a1c01bbd47fc00a2c39e90264f33305004495a9","hash":"6a09ce85a558dcc81d364e911e050c38817ab4d0"}
,"D:\\GitHub\\spa-testing\\src\\components\\Footer.jsx": {"path":"D:\\GitHub\\spa-testing\\src\\components\\Footer.jsx","statementMap":{"0":{"start":{"line":2,"column":2},"end":{"line":18,"column":4}}},"fnMap":{"0":{"name":"Footer","decl":{"start":{"line":1,"column":9},"end":{"line":1,"column":15}},"loc":{"start":{"line":1,"column":18},"end":{"line":19,"column":1}},"line":1}},"branchMap":{},"s":{"0":1},"f":{"0":1},"b":{},"_coverageSchema":"1a1c01bbd47fc00a2c39e90264f33305004495a9","hash":"e287f1f92f23a138f15453c049bd8fb6f0a13aa9"}
,"D:\\GitHub\\spa-testing\\src\\components\\Header.jsx": {"path":"D:\\GitHub\\spa-testing\\src\\components\\Header.jsx","statementMap":{"0":{"start":{"line":4,"column":2},"end":{"line":20,"column":4}}},"fnMap":{"0":{"name":"Header","decl":{"start":{"line":3,"column":9},"end":{"line":3,"column":15}},"loc":{"start":{"line":3,"column":18},"end":{"line":21,"column":1}},"line":3}},"branchMap":{},"s":{"0":1},"f":{"0":1},"b":{},"_coverageSchema":"1a1c01bbd47fc00a2c39e90264f33305004495a9","hash":"812d4a8d9bafa23958dd208a03f4e1992c3255a2"}
,"D:\\GitHub\\spa-testing\\src\\components\\Meal.jsx": {"path":"D:\\GitHub\\spa-testing\\src\\components\\Meal.jsx","statementMap":{"0":{"start":{"line":4,"column":44},"end":{"line":4,"column":49}},"1":{"start":{"line":6,"column":2},"end":{"line":20,"column":4}}},"fnMap":{"0":{"name":"Meal","decl":{"start":{"line":3,"column":9},"end":{"line":3,"column":13}},"loc":{"start":{"line":3,"column":21},"end":{"line":21,"column":1}},"line":3}},"branchMap":{},"s":{"0":3,"1":3},"f":{"0":3},"b":{},"_coverageSchema":"1a1c01bbd47fc00a2c39e90264f33305004495a9","hash":"1b6e8e7b86a0adcd64e20718882b059e55bdfc68"}
,"D:\\GitHub\\spa-testing\\src\\components\\MealList.jsx": {"path":"D:\\GitHub\\spa-testing\\src\\components\\MealList.jsx","statementMap":{"0":{"start":{"line":4,"column":2},"end":{"line":10,"column":4}},"1":{"start":{"line":7,"column":8},"end":{"line":7,"column":44}}},"fnMap":{"0":{"name":"MealList","decl":{"start":{"line":3,"column":9},"end":{"line":3,"column":17}},"loc":{"start":{"line":3,"column":29},"end":{"line":11,"column":1}},"line":3},"1":{"name":"(anonymous_1)","decl":{"start":{"line":6,"column":17},"end":{"line":6,"column":18}},"loc":{"start":{"line":7,"column":8},"end":{"line":7,"column":44}},"line":7}},"branchMap":{},"s":{"0":1,"1":2},"f":{"0":1,"1":2},"b":{},"_coverageSchema":"1a1c01bbd47fc00a2c39e90264f33305004495a9","hash":"d800ca04f8b7b580502a304364f76452ae632ffb"}
,"D:\\GitHub\\spa-testing\\src\\components\\Preloader.jsx": {"path":"D:\\GitHub\\spa-testing\\src\\components\\Preloader.jsx","statementMap":{"0":{"start":{"line":2,"column":2},"end":{"line":6,"column":4}}},"fnMap":{"0":{"name":"Preloader","decl":{"start":{"line":1,"column":9},"end":{"line":1,"column":18}},"loc":{"start":{"line":1,"column":21},"end":{"line":7,"column":1}},"line":1}},"branchMap":{},"s":{"0":2},"f":{"0":2},"b":{},"_coverageSchema":"1a1c01bbd47fc00a2c39e90264f33305004495a9","hash":"29340c9eb6306736a72063e6c16966de00851323"}
,"D:\\GitHub\\spa-testing\\src\\components\\Search.jsx": {"path":"D:\\GitHub\\spa-testing\\src\\components\\Search.jsx","statementMap":{"0":{"start":{"line":4,"column":28},"end":{"line":4,"column":40}},"1":{"start":{"line":6,"column":20},"end":{"line":10,"column":3}},"2":{"start":{"line":7,"column":4},"end":{"line":9,"column":5}},"3":{"start":{"line":8,"column":6},"end":{"line":8,"column":21}},"4":{"start":{"line":12,"column":23},"end":{"line":14,"column":3}},"5":{"start":{"line":13,"column":4},"end":{"line":13,"column":14}},"6":{"start":{"line":16,"column":2},"end":{"line":40,"column":4}},"7":{"start":{"line":24,"column":27},"end":{"line":24,"column":51}}},"fnMap":{"0":{"name":"Search","decl":{"start":{"line":3,"column":9},"end":{"line":3,"column":15}},"loc":{"start":{"line":3,"column":45},"end":{"line":41,"column":1}},"line":3},"1":{"name":"(anonymous_1)","decl":{"start":{"line":6,"column":20},"end":{"line":6,"column":21}},"loc":{"start":{"line":6,"column":27},"end":{"line":10,"column":3}},"line":6},"2":{"name":"(anonymous_2)","decl":{"start":{"line":12,"column":23},"end":{"line":12,"column":24}},"loc":{"start":{"line":12,"column":29},"end":{"line":14,"column":3}},"line":12},"3":{"name":"(anonymous_3)","decl":{"start":{"line":24,"column":20},"end":{"line":24,"column":21}},"loc":{"start":{"line":24,"column":27},"end":{"line":24,"column":51}},"line":24}},"branchMap":{"0":{"loc":{"start":{"line":3,"column":18},"end":{"line":3,"column":41}},"type":"default-arg","locations":[{"start":{"line":3,"column":23},"end":{"line":3,"column":41}}],"line":3},"1":{"loc":{"start":{"line":7,"column":4},"end":{"line":9,"column":5}},"type":"if","locations":[{"start":{"line":7,"column":4},"end":{"line":9,"column":5}},{"start":{},"end":{}}],"line":7}},"s":{"0":25,"1":25,"2":22,"3":1,"4":25,"5":2,"6":25,"7":21},"f":{"0":25,"1":22,"2":2,"3":21},"b":{"0":[9],"1":[1,21]},"_coverageSchema":"1a1c01bbd47fc00a2c39e90264f33305004495a9","hash":"7cb50aafa9ff31b74742e3074cc157d787745d6d"}
,"D:\\GitHub\\spa-testing\\src\\pages\\About.jsx": {"path":"D:\\GitHub\\spa-testing\\src\\pages\\About.jsx","statementMap":{"0":{"start":{"line":2,"column":2},"end":{"line":2,"column":41}}},"fnMap":{"0":{"name":"About","decl":{"start":{"line":1,"column":9},"end":{"line":1,"column":14}},"loc":{"start":{"line":1,"column":17},"end":{"line":3,"column":1}},"line":1}},"branchMap":{},"s":{"0":1},"f":{"0":1},"b":{},"_coverageSchema":"1a1c01bbd47fc00a2c39e90264f33305004495a9","hash":"c4de0aee2ab655d8e7319a9522cfe657fa5d22bc"}
,"D:\\GitHub\\spa-testing\\src\\pages\\Category.jsx": {"path":"D:\\GitHub\\spa-testing\\src\\pages\\Category.jsx","statementMap":{"0":{"start":{"line":9,"column":19},"end":{"line":9,"column":30}},"1":{"start":{"line":10,"column":28},"end":{"line":10,"column":40}},"2":{"start":{"line":11,"column":21},"end":{"line":11,"column":33}},"3":{"start":{"line":13,"column":2},"end":{"line":15,"column":13}},"4":{"start":{"line":14,"column":4},"end":{"line":14,"column":67}},"5":{"start":{"line":14,"column":45},"end":{"line":14,"column":65}},"6":{"start":{"line":17,"column":2},"end":{"line":24,"column":4}}},"fnMap":{"0":{"name":"Category","decl":{"start":{"line":8,"column":9},"end":{"line":8,"column":17}},"loc":{"start":{"line":8,"column":20},"end":{"line":25,"column":1}},"line":8},"1":{"name":"(anonymous_1)","decl":{"start":{"line":13,"column":12},"end":{"line":13,"column":13}},"loc":{"start":{"line":13,"column":18},"end":{"line":15,"column":3}},"line":13},"2":{"name":"(anonymous_2)","decl":{"start":{"line":14,"column":35},"end":{"line":14,"column":36}},"loc":{"start":{"line":14,"column":45},"end":{"line":14,"column":65}},"line":14}},"branchMap":{"0":{"loc":{"start":{"line":22,"column":7},"end":{"line":22,"column":65}},"type":"cond-expr","locations":[{"start":{"line":22,"column":23},"end":{"line":22,"column":36}},{"start":{"line":22,"column":39},"end":{"line":22,"column":65}}],"line":22}},"s":{"0":0,"1":0,"2":0,"3":0,"4":0,"5":0,"6":0},"f":{"0":0,"1":0,"2":0},"b":{"0":[0,0]}}
,"D:\\GitHub\\spa-testing\\src\\pages\\Contact.jsx": {"path":"D:\\GitHub\\spa-testing\\src\\pages\\Contact.jsx","statementMap":{"0":{"start":{"line":2,"column":2},"end":{"line":2,"column":43}}},"fnMap":{"0":{"name":"Contact","decl":{"start":{"line":1,"column":9},"end":{"line":1,"column":16}},"loc":{"start":{"line":1,"column":19},"end":{"line":3,"column":1}},"line":1}},"branchMap":{},"s":{"0":1},"f":{"0":1},"b":{},"_coverageSchema":"1a1c01bbd47fc00a2c39e90264f33305004495a9","hash":"96d652534298adefc91e008b21032008235b90ad"}
,"D:\\GitHub\\spa-testing\\src\\pages\\Home.jsx": {"path":"D:\\GitHub\\spa-testing\\src\\pages\\Home.jsx","statementMap":{"0":{"start":{"line":9,"column":32},"end":{"line":9,"column":44}},"1":{"start":{"line":10,"column":48},"end":{"line":10,"column":60}},"2":{"start":{"line":12,"column":31},"end":{"line":12,"column":44}},"3":{"start":{"line":13,"column":19},"end":{"line":13,"column":31}},"4":{"start":{"line":15,"column":23},"end":{"line":25,"column":3}},"5":{"start":{"line":16,"column":4},"end":{"line":20,"column":6}},"6":{"start":{"line":18,"column":8},"end":{"line":18,"column":66}},"7":{"start":{"line":21,"column":4},"end":{"line":24,"column":7}},"8":{"start":{"line":27,"column":2},"end":{"line":40,"column":15}},"9":{"start":{"line":28,"column":4},"end":{"line":39,"column":7}},"10":{"start":{"line":29,"column":6},"end":{"line":29,"column":34}},"11":{"start":{"line":30,"column":6},"end":{"line":38,"column":8}},"12":{"start":{"line":33,"column":14},"end":{"line":35,"column":61}},"13":{"start":{"line":42,"column":2},"end":{"line":51,"column":4}}},"fnMap":{"0":{"name":"Home","decl":{"start":{"line":8,"column":9},"end":{"line":8,"column":13}},"loc":{"start":{"line":8,"column":16},"end":{"line":52,"column":1}},"line":8},"1":{"name":"(anonymous_1)","decl":{"start":{"line":15,"column":23},"end":{"line":15,"column":24}},"loc":{"start":{"line":15,"column":32},"end":{"line":25,"column":3}},"line":15},"2":{"name":"(anonymous_2)","decl":{"start":{"line":17,"column":21},"end":{"line":17,"column":22}},"loc":{"start":{"line":18,"column":8},"end":{"line":18,"column":66}},"line":18},"3":{"name":"(anonymous_3)","decl":{"start":{"line":27,"column":12},"end":{"line":27,"column":13}},"loc":{"start":{"line":27,"column":18},"end":{"line":40,"column":3}},"line":27},"4":{"name":"(anonymous_4)","decl":{"start":{"line":28,"column":28},"end":{"line":28,"column":29}},"loc":{"start":{"line":28,"column":38},"end":{"line":39,"column":5}},"line":28},"5":{"name":"(anonymous_5)","decl":{"start":{"line":32,"column":35},"end":{"line":32,"column":36}},"loc":{"start":{"line":33,"column":14},"end":{"line":35,"column":61}},"line":33}},"branchMap":{"0":{"loc":{"start":{"line":31,"column":8},"end":{"line":37,"column":27}},"type":"cond-expr","locations":[{"start":{"line":32,"column":12},"end":{"line":36,"column":13}},{"start":{"line":37,"column":12},"end":{"line":37,"column":27}}],"line":31},"1":{"loc":{"start":{"line":45,"column":7},"end":{"line":49,"column":7}},"type":"cond-expr","locations":[{"start":{"line":46,"column":8},"end":{"line":46,"column":21}},{"start":{"line":48,"column":8},"end":{"line":48,"column":50}}],"line":45}},"s":{"0":0,"1":0,"2":0,"3":0,"4":0,"5":0,"6":0,"7":0,"8":0,"9":0,"10":0,"11":0,"12":0,"13":0},"f":{"0":0,"1":0,"2":0,"3":0,"4":0,"5":0},"b":{"0":[0,0],"1":[0,0]}}
,"D:\\GitHub\\spa-testing\\src\\pages\\NotFound.jsx": {"path":"D:\\GitHub\\spa-testing\\src\\pages\\NotFound.jsx","statementMap":{"0":{"start":{"line":2,"column":2},"end":{"line":2,"column":33}}},"fnMap":{"0":{"name":"NotFound","decl":{"start":{"line":1,"column":9},"end":{"line":1,"column":17}},"loc":{"start":{"line":1,"column":20},"end":{"line":3,"column":1}},"line":1}},"branchMap":{},"s":{"0":1},"f":{"0":1},"b":{},"_coverageSchema":"1a1c01bbd47fc00a2c39e90264f33305004495a9","hash":"0cd96563b744abed9fda495d74936f7d10316b53"}
,"D:\\GitHub\\spa-testing\\src\\pages\\Recipe.jsx": {"path":"D:\\GitHub\\spa-testing\\src\\pages\\Recipe.jsx","statementMap":{"0":{"start":{"line":7,"column":30},"end":{"line":7,"column":42}},"1":{"start":{"line":8,"column":17},"end":{"line":8,"column":28}},"2":{"start":{"line":9,"column":21},"end":{"line":9,"column":33}},"3":{"start":{"line":11,"column":2},"end":{"line":13,"column":11}},"4":{"start":{"line":12,"column":4},"end":{"line":12,"column":61}},"5":{"start":{"line":12,"column":35},"end":{"line":12,"column":59}},"6":{"start":{"line":15,"column":2},"end":{"line":67,"column":4}},"7":{"start":{"line":36,"column":16},"end":{"line":43,"column":17}},"8":{"start":{"line":37,"column":18},"end":{"line":42,"column":20}},"9":{"start":{"line":44,"column":16},"end":{"line":44,"column":28}}},"fnMap":{"0":{"name":"Recipe","decl":{"start":{"line":6,"column":9},"end":{"line":6,"column":15}},"loc":{"start":{"line":6,"column":18},"end":{"line":68,"column":1}},"line":6},"1":{"name":"(anonymous_1)","decl":{"start":{"line":11,"column":12},"end":{"line":11,"column":13}},"loc":{"start":{"line":11,"column":18},"end":{"line":13,"column":3}},"line":11},"2":{"name":"(anonymous_2)","decl":{"start":{"line":12,"column":25},"end":{"line":12,"column":26}},"loc":{"start":{"line":12,"column":35},"end":{"line":12,"column":59}},"line":12},"3":{"name":"(anonymous_3)","decl":{"start":{"line":35,"column":39},"end":{"line":35,"column":40}},"loc":{"start":{"line":35,"column":48},"end":{"line":45,"column":15}},"line":35}},"branchMap":{"0":{"loc":{"start":{"line":17,"column":7},"end":{"line":62,"column":7}},"type":"cond-expr","locations":[{"start":{"line":18,"column":8},"end":{"line":18,"column":21}},{"start":{"line":20,"column":8},"end":{"line":61,"column":14}}],"line":17},"1":{"loc":{"start":{"line":24,"column":11},"end":{"line":24,"column":66}},"type":"cond-expr","locations":[{"start":{"line":24,"column":28},"end":{"line":24,"column":59}},{"start":{"line":24,"column":62},"end":{"line":24,"column":66}}],"line":24},"2":{"loc":{"start":{"line":36,"column":16},"end":{"line":43,"column":17}},"type":"if","locations":[{"start":{"line":36,"column":16},"end":{"line":43,"column":17}},{"start":{},"end":{}}],"line":36},"3":{"loc":{"start":{"line":36,"column":20},"end":{"line":36,"column":61}},"type":"binary-expr","locations":[{"start":{"line":36,"column":20},"end":{"line":36,"column":46}},{"start":{"line":36,"column":50},"end":{"line":36,"column":61}}],"line":36},"4":{"loc":{"start":{"line":49,"column":11},"end":{"line":60,"column":18}},"type":"cond-expr","locations":[{"start":{"line":50,"column":12},"end":{"line":59,"column":18}},{"start":{"line":60,"column":14},"end":{"line":60,"column":18}}],"line":49}},"s":{"0":2,"1":2,"2":2,"3":2,"4":1,"5":1,"6":2,"7":9,"8":1,"9":8},"f":{"0":2,"1":1,"2":1,"3":9},"b":{"0":[1,1],"1":[1,0],"2":[1,8],"3":[9,1],"4":[1,0]},"_coverageSchema":"1a1c01bbd47fc00a2c39e90264f33305004495a9","hash":"27e862ae10de4232ada9b1ed26a4109f04624537"}
,"D:\\GitHub\\spa-testing\\src\\utils\\testing.js": {"path":"D:\\GitHub\\spa-testing\\src\\utils\\testing.js","statementMap":{"0":{"start":{"line":4,"column":32},"end":{"line":10,"column":1}},"1":{"start":{"line":5,"column":18},"end":{"line":7,"column":3}},"2":{"start":{"line":6,"column":4},"end":{"line":6,"column":56}},"3":{"start":{"line":9,"column":2},"end":{"line":9,"column":42}}},"fnMap":{"0":{"name":"(anonymous_0)","decl":{"start":{"line":4,"column":32},"end":{"line":4,"column":33}},"loc":{"start":{"line":4,"column":61},"end":{"line":10,"column":1}},"line":4},"1":{"name":"(anonymous_1)","decl":{"start":{"line":5,"column":18},"end":{"line":5,"column":19}},"loc":{"start":{"line":6,"column":4},"end":{"line":6,"column":56}},"line":6}},"branchMap":{"0":{"loc":{"start":{"line":4,"column":44},"end":{"line":4,"column":56}},"type":"default-arg","locations":[{"start":{"line":4,"column":54},"end":{"line":4,"column":56}}],"line":4}},"s":{"0":6,"1":7,"2":7,"3":7},"f":{"0":7,"1":7},"b":{"0":[7]},"_coverageSchema":"1a1c01bbd47fc00a2c39e90264f33305004495a9","hash":"9f256033bae102e4120557ab89e95c6a49d3db58"}
}
