TN:
SF:src\App.jsx
FN:12,App
FNF:1
FNH:0
FNDA:0,App
DA:13,0
LF:1
LH:0
BRF:0
BRH:0
end_of_record
TN:
SF:src\api.js
FN:3,(anonymous_0)
FN:8,(anonymous_1)
FN:13,(anonymous_2)
FNF:3
FNH:0
FNDA:0,(anonymous_0)
FNDA:0,(anonymous_1)
FNDA:0,(anonymous_2)
DA:3,0
DA:4,0
DA:5,0
DA:8,0
DA:9,0
DA:10,0
DA:13,0
DA:14,0
DA:15,0
LF:9
LH:0
BRF:0
BRH:0
end_of_record
TN:
SF:src\config.js
FNF:0
FNH:0
DA:1,0
DA:3,0
LF:2
LH:0
BRF:0
BRH:0
end_of_record
TN:
SF:src\components\CategoryItem.jsx
FN:3,CategoryItem
FNF:1
FNH:1
FNDA:11,CategoryItem
DA:9,11
DA:11,9
LF:2
LH:2
BRF:0
BRH:0
end_of_record
TN:
SF:src\components\CategoryList.jsx
FN:3,CategoryList
FN:6,(anonymous_1)
FNF:2
FNH:2
FNDA:3,CategoryList
FNDA:4,(anonymous_1)
DA:4,3
DA:6,4
LF:2
LH:2
BRDA:3,0,0,1
BRF:1
BRH:1
end_of_record
TN:
SF:src\components\Footer.jsx
FN:1,Footer
FNF:1
FNH:1
FNDA:1,Footer
DA:2,1
LF:1
LH:1
BRF:0
BRH:0
end_of_record
TN:
SF:src\components\Header.jsx
FN:3,Header
FNF:1
FNH:1
FNDA:1,Header
DA:4,1
LF:1
LH:1
BRF:0
BRH:0
end_of_record
TN:
SF:src\components\Meal.jsx
FN:3,Meal
FNF:1
FNH:1
FNDA:3,Meal
DA:4,3
DA:6,3
LF:2
LH:2
BRF:0
BRH:0
end_of_record
TN:
SF:src\components\MealList.jsx
FN:3,MealList
FN:6,(anonymous_1)
FNF:2
FNH:2
FNDA:1,MealList
FNDA:2,(anonymous_1)
DA:4,1
DA:7,2
LF:2
LH:2
BRF:0
BRH:0
end_of_record
TN:
SF:src\components\Preloader.jsx
FN:1,Preloader
FNF:1
FNH:1
FNDA:1,Preloader
DA:2,1
LF:1
LH:1
BRF:0
BRH:0
end_of_record
TN:
SF:src\components\Search.jsx
FN:3,Search
FN:6,(anonymous_1)
FN:12,(anonymous_2)
FN:24,(anonymous_3)
FNF:4
FNH:4
FNDA:25,Search
FNDA:22,(anonymous_1)
FNDA:2,(anonymous_2)
FNDA:21,(anonymous_3)
DA:4,25
DA:6,25
DA:7,22
DA:8,1
DA:12,25
DA:13,2
DA:16,25
DA:24,21
LF:8
LH:8
BRDA:3,0,0,9
BRDA:7,1,0,1
BRDA:7,1,1,21
BRF:3
BRH:3
end_of_record
TN:
SF:src\pages\About.jsx
FN:1,About
FNF:1
FNH:0
FNDA:0,About
DA:2,0
LF:1
LH:0
BRF:0
BRH:0
end_of_record
TN:
SF:src\pages\Category.jsx
FN:8,Category
FN:13,(anonymous_1)
FN:14,(anonymous_2)
FNF:3
FNH:0
FNDA:0,Category
FNDA:0,(anonymous_1)
FNDA:0,(anonymous_2)
DA:9,0
DA:10,0
DA:11,0
DA:13,0
DA:14,0
DA:17,0
LF:6
LH:0
BRDA:22,0,0,0
BRDA:22,0,1,0
BRF:2
BRH:0
end_of_record
TN:
SF:src\pages\Contact.jsx
FN:1,Contact
FNF:1
FNH:0
FNDA:0,Contact
DA:2,0
LF:1
LH:0
BRF:0
BRH:0
end_of_record
TN:
SF:src\pages\Home.jsx
FN:8,Home
FN:15,(anonymous_1)
FN:17,(anonymous_2)
FN:27,(anonymous_3)
FN:28,(anonymous_4)
FN:32,(anonymous_5)
FNF:6
FNH:0
FNDA:0,Home
FNDA:0,(anonymous_1)
FNDA:0,(anonymous_2)
FNDA:0,(anonymous_3)
FNDA:0,(anonymous_4)
FNDA:0,(anonymous_5)
DA:9,0
DA:10,0
DA:12,0
DA:13,0
DA:15,0
DA:16,0
DA:18,0
DA:21,0
DA:27,0
DA:28,0
DA:29,0
DA:30,0
DA:33,0
DA:42,0
LF:14
LH:0
BRDA:31,0,0,0
BRDA:31,0,1,0
BRDA:45,1,0,0
BRDA:45,1,1,0
BRF:4
BRH:0
end_of_record
TN:
SF:src\pages\NotFound.jsx
FN:1,NotFound
FNF:1
FNH:0
FNDA:0,NotFound
DA:2,0
LF:1
LH:0
BRF:0
BRH:0
end_of_record
TN:
SF:src\pages\Recipe.jsx
FN:6,Recipe
FN:11,(anonymous_1)
FN:12,(anonymous_2)
FN:35,(anonymous_3)
FNF:4
FNH:0
FNDA:0,Recipe
FNDA:0,(anonymous_1)
FNDA:0,(anonymous_2)
FNDA:0,(anonymous_3)
DA:7,0
DA:8,0
DA:9,0
DA:11,0
DA:12,0
DA:15,0
DA:36,0
DA:37,0
DA:44,0
LF:9
LH:0
BRDA:17,0,0,0
BRDA:17,0,1,0
BRDA:24,1,0,0
BRDA:24,1,1,0
BRDA:36,2,0,0
BRDA:36,2,1,0
BRDA:36,3,0,0
BRDA:36,3,1,0
BRDA:49,4,0,0
BRDA:49,4,1,0
BRF:10
BRH:0
end_of_record
TN:
SF:src\utils\testing.js
FN:5,(anonymous_0)
FN:6,(anonymous_1)
FNF:2
FNH:2
FNDA:6,(anonymous_0)
FNDA:7,(anonymous_1)
DA:5,5
DA:6,7
DA:8,6
LF:3
LH:3
BRDA:5,0,0,6
BRF:1
BRH:1
end_of_record
