TN:
SF:src\App.jsx
FN:12,App
FNF:1
FNH:0
FNDA:0,App
DA:13,0
LF:1
LH:0
BRF:0
BRH:0
end_of_record
TN:
SF:src\api.js
FN:3,(anonymous_0)
FN:8,(anonymous_1)
FN:13,(anonymous_2)
FNF:3
FNH:0
FNDA:0,(anonymous_0)
FNDA:0,(anonymous_1)
FNDA:0,(anonymous_2)
DA:3,3
DA:4,0
DA:5,0
DA:8,3
DA:9,0
DA:10,0
DA:13,3
DA:14,0
DA:15,0
LF:9
LH:3
BRF:0
BRH:0
end_of_record
TN:
SF:src\config.js
FNF:0
FNH:0
DA:1,3
DA:3,3
LF:2
LH:2
BRF:0
BRH:0
end_of_record
TN:
SF:src\components\CategoryItem.jsx
FN:3,CategoryItem
FNF:1
FNH:1
FNDA:13,CategoryItem
DA:9,13
DA:11,12
LF:2
LH:2
BRF:0
BRH:0
end_of_record
TN:
SF:src\components\CategoryList.jsx
FN:3,CategoryList
FN:6,(anonymous_1)
FNF:2
FNH:2
FNDA:7,CategoryList
FNDA:11,(anonymous_1)
DA:4,7
DA:7,11
LF:2
LH:2
BRDA:3,0,0,1
BRF:1
BRH:1
end_of_record
TN:
SF:src\components\Footer.jsx
FN:1,Footer
FNF:1
FNH:1
FNDA:1,Footer
DA:2,1
LF:1
LH:1
BRF:0
BRH:0
end_of_record
TN:
SF:src\components\Header.jsx
FN:3,Header
FNF:1
FNH:1
FNDA:1,Header
DA:4,1
LF:1
LH:1
BRF:0
BRH:0
end_of_record
TN:
SF:src\components\Meal.jsx
FN:3,Meal
FNF:1
FNH:1
FNDA:5,Meal
DA:4,5
DA:6,5
LF:2
LH:2
BRF:0
BRH:0
end_of_record
TN:
SF:src\components\MealList.jsx
FN:3,MealList
FN:6,(anonymous_1)
FNF:2
FNH:2
FNDA:2,MealList
FNDA:4,(anonymous_1)
DA:4,2
DA:7,4
LF:2
LH:2
BRF:0
BRH:0
end_of_record
TN:
SF:src\components\Preloader.jsx
FN:1,Preloader
FNF:1
FNH:1
FNDA:9,Preloader
DA:2,9
LF:1
LH:1
BRF:0
BRH:0
end_of_record
TN:
SF:src\components\Search.jsx
FN:3,Search
FN:6,(anonymous_1)
FN:12,(anonymous_2)
FN:24,(anonymous_3)
FNF:4
FNH:4
FNDA:38,Search
FNDA:27,(anonymous_1)
FNDA:3,(anonymous_2)
FNDA:26,(anonymous_3)
DA:4,38
DA:6,38
DA:7,27
DA:8,1
DA:12,38
DA:13,3
DA:16,38
DA:24,26
LF:8
LH:8
BRDA:3,0,0,9
BRDA:7,1,0,1
BRDA:7,1,1,26
BRF:3
BRH:3
end_of_record
TN:
SF:src\pages\About.jsx
FN:1,About
FNF:1
FNH:1
FNDA:1,About
DA:2,1
LF:1
LH:1
BRF:0
BRH:0
end_of_record
TN:
SF:src\pages\Category.jsx
FN:8,Category
FN:13,(anonymous_1)
FN:14,(anonymous_2)
FNF:3
FNH:3
FNDA:4,Category
FNDA:2,(anonymous_1)
FNDA:2,(anonymous_2)
DA:9,4
DA:10,4
DA:11,4
DA:13,4
DA:14,2
DA:17,4
LF:6
LH:6
BRDA:22,0,0,3
BRDA:22,0,1,1
BRF:2
BRH:2
end_of_record
TN:
SF:src\pages\Contact.jsx
FN:1,Contact
FNF:1
FNH:1
FNDA:1,Contact
DA:2,1
LF:1
LH:1
BRF:0
BRH:0
end_of_record
TN:
SF:src\pages\Home.jsx
FN:8,Home
FN:15,(anonymous_1)
FN:17,(anonymous_2)
FN:27,(anonymous_3)
FN:28,(anonymous_4)
FN:32,(anonymous_5)
FNF:6
FNH:6
FNDA:8,Home
FNDA:1,(anonymous_1)
FNDA:3,(anonymous_2)
FNDA:4,(anonymous_3)
FNDA:4,(anonymous_4)
FNDA:6,(anonymous_5)
DA:9,8
DA:10,8
DA:12,8
DA:13,8
DA:15,8
DA:16,1
DA:18,3
DA:21,1
DA:27,8
DA:28,4
DA:29,4
DA:30,4
DA:33,6
DA:42,8
LF:14
LH:14
BRDA:31,0,0,2
BRDA:31,0,1,2
BRDA:45,1,0,3
BRDA:45,1,1,5
BRF:4
BRH:4
end_of_record
TN:
SF:src\pages\NotFound.jsx
FN:1,NotFound
FNF:1
FNH:1
FNDA:1,NotFound
DA:2,1
LF:1
LH:1
BRF:0
BRH:0
end_of_record
TN:
SF:src\pages\Recipe.jsx
FN:6,Recipe
FN:11,(anonymous_1)
FN:12,(anonymous_2)
FN:35,(anonymous_3)
FNF:4
FNH:4
FNDA:4,Recipe
FNDA:2,(anonymous_1)
FNDA:2,(anonymous_2)
FNDA:16,(anonymous_3)
DA:7,4
DA:8,4
DA:9,4
DA:11,4
DA:12,2
DA:15,4
DA:36,16
DA:37,2
DA:44,14
LF:9
LH:9
BRDA:17,0,0,2
BRDA:17,0,1,2
BRDA:24,1,0,1
BRDA:24,1,1,1
BRDA:36,2,0,2
BRDA:36,2,1,14
BRDA:36,3,0,16
BRDA:36,3,1,2
BRDA:49,4,0,1
BRDA:49,4,1,1
BRF:10
BRH:10
end_of_record
TN:
SF:src\utils\testing.js
FN:4,(anonymous_0)
FN:5,(anonymous_1)
FNF:2
FNH:2
FNDA:13,(anonymous_0)
FNDA:13,(anonymous_1)
DA:4,8
DA:5,13
DA:6,13
DA:9,13
LF:4
LH:4
BRDA:4,0,0,12
BRF:1
BRH:1
end_of_record
